2021-12-14T21:09:06+00:00 CRITICAL Uncaught Error: Call to a member function get_price_html() on null in /home/u246604664/domains/balakleenkom.com/public_html/wp-content/themes/boom-boost/woocommerce/loop/price.php:25
Stack trace:
#0 /home/u246604664/domains/balakleenkom.com/public_html/wp-content/plugins/woocommerce/includes/wc-core-functions.php(345): include()
#1 /home/u246604664/domains/balakleenkom.com/public_html/wp-content/plugins/woocommerce/includes/wc-template-functions.php(1377): wc_get_template('loop/price.php')
#2 /home/u246604664/domains/balakleenkom.com/public_html/wp-content/themes/boom-boost/template-parts/cards/prodCard.php(6): woocommerce_template_loop_price()
#3 /home/u246604664/domains/balakleenkom.com/public_html/wp-includes/template.php(772): require('/home/u24660466...')
#4 /home/u246604664/domains/balakleenkom.com/public_html/wp-includes/template.php(716): load_template('/home/u24660466...', false, Array)
#5 /home/u246604664/domains/balakleenkom.com/public_html/wp-includes/general-template.php(204): locate_template(Arr в /home/u246604664/domains/balakleenkom.com/public_html/wp-content/themes/boom-boost/woocommerce/loop/price.php на строке 25

2021-12-14T21:09:44+00:00 CRITICAL Uncaught Error: Call to a member function get_price_html() on null in /home/u246604664/domains/balakleenkom.com/public_html/wp-content/themes/boom-boost/woocommerce/loop/price.php:25
Stack trace:
#0 /home/u246604664/domains/balakleenkom.com/public_html/wp-content/plugins/woocommerce/includes/wc-core-functions.php(345): include()
#1 /home/u246604664/domains/balakleenkom.com/public_html/wp-content/plugins/woocommerce/includes/wc-template-functions.php(1377): wc_get_template('loop/price.php')
#2 /home/u246604664/domains/balakleenkom.com/public_html/wp-content/themes/boom-boost/template-parts/cards/prodCard.php(6): woocommerce_template_loop_price()
#3 /home/u246604664/domains/balakleenkom.com/public_html/wp-includes/template.php(772): require('/home/u24660466...')
#4 /home/u246604664/domains/balakleenkom.com/public_html/wp-includes/template.php(716): load_template('/home/u24660466...', false, Array)
#5 /home/u246604664/domains/balakleenkom.com/public_html/wp-includes/general-template.php(204): locate_template(Arr в /home/u246604664/domains/balakleenkom.com/public_html/wp-content/themes/boom-boost/woocommerce/loop/price.php на строке 25

2021-12-14T22:51:48+00:00 CRITICAL Uncaught Error: Object of class WP_Term could not be converted to string in /home/u246604664/domains/balakleenkom.com/public_html/wp-content/themes/boom-boost/header.php:159
Stack trace:
#0 /home/u246604664/domains/balakleenkom.com/public_html/wp-includes/template.php(770): require_once()
#1 /home/u246604664/domains/balakleenkom.com/public_html/wp-includes/template.php(716): load_template('/home/u24660466...', true, Array)
#2 /home/u246604664/domains/balakleenkom.com/public_html/wp-includes/general-template.php(48): locate_template(Array, true, true, Array)
#3 /home/u246604664/domains/balakleenkom.com/public_html/wp-content/themes/boom-boost/woocommerce/archive-product.php(20): get_header('shop')
#4 /home/u246604664/domains/balakleenkom.com/public_html/wp-content/plugins/woocommerce/includes/wc-core-functions.php(345): include('/home/u24660466...')
#5 /home/u246604664/domains/balakleenkom.com/public_html/wp-content/themes/boom-boost/woocommerce/taxonomy-product-cat.php(22): wc_get_template('archive-product... в /home/u246604664/domains/balakleenkom.com/public_html/wp-content/themes/boom-boost/header.php на строке 159

2021-12-14T23:01:55+00:00 CRITICAL Uncaught Error: Cannot use object of type WP_Term as array in /home/u246604664/domains/balakleenkom.com/public_html/wp-content/themes/boom-boost/template-parts/description.php:9
Stack trace:
#0 /home/u246604664/domains/balakleenkom.com/public_html/wp-includes/template.php(772): require()
#1 /home/u246604664/domains/balakleenkom.com/public_html/wp-includes/template.php(716): load_template('/home/u24660466...', false, Array)
#2 /home/u246604664/domains/balakleenkom.com/public_html/wp-includes/general-template.php(204): locate_template(Array, true, false, Array)
#3 /home/u246604664/domains/balakleenkom.com/public_html/wp-content/themes/boom-boost/woocommerce/archive-product.php(59): get_template_part('template-parts/...')
#4 /home/u246604664/domains/balakleenkom.com/public_html/wp-content/plugins/woocommerce/includes/wc-core-functions.php(345): include('/home/u24660466...')
#5 /home/u246604664/domains/balakleenkom.com/public_html/wp-content/themes/boom-boost/woocommerce/taxonomy-product-cat.php(22): wc_get_templ в /home/u246604664/domains/balakleenkom.com/public_html/wp-content/themes/boom-boost/template-parts/description.php на строке 9

2021-12-14T23:02:02+00:00 CRITICAL Uncaught Error: Object of class WP_Term could not be converted to string in /home/u246604664/domains/balakleenkom.com/public_html/wp-content/themes/boom-boost/template-parts/description.php:9
Stack trace:
#0 /home/u246604664/domains/balakleenkom.com/public_html/wp-includes/template.php(772): require()
#1 /home/u246604664/domains/balakleenkom.com/public_html/wp-includes/template.php(716): load_template('/home/u24660466...', false, Array)
#2 /home/u246604664/domains/balakleenkom.com/public_html/wp-includes/general-template.php(204): locate_template(Array, true, false, Array)
#3 /home/u246604664/domains/balakleenkom.com/public_html/wp-content/themes/boom-boost/woocommerce/archive-product.php(59): get_template_part('template-parts/...')
#4 /home/u246604664/domains/balakleenkom.com/public_html/wp-content/plugins/woocommerce/includes/wc-core-functions.php(345): include('/home/u24660466...')
#5 /home/u246604664/domains/balakleenkom.com/public_html/wp-content/themes/boom-boost/woocommerce/taxonomy-product-cat.php(22) в /home/u246604664/domains/balakleenkom.com/public_html/wp-content/themes/boom-boost/template-parts/description.php на строке 9

2021-12-14T23:02:45+00:00 CRITICAL Uncaught Error: Cannot use object of type WP_Term as array in /home/u246604664/domains/balakleenkom.com/public_html/wp-content/themes/boom-boost/template-parts/description.php:9
Stack trace:
#0 /home/u246604664/domains/balakleenkom.com/public_html/wp-includes/template.php(772): require()
#1 /home/u246604664/domains/balakleenkom.com/public_html/wp-includes/template.php(716): load_template('/home/u24660466...', false, Array)
#2 /home/u246604664/domains/balakleenkom.com/public_html/wp-includes/general-template.php(204): locate_template(Array, true, false, Array)
#3 /home/u246604664/domains/balakleenkom.com/public_html/wp-content/themes/boom-boost/woocommerce/archive-product.php(59): get_template_part('template-parts/...')
#4 /home/u246604664/domains/balakleenkom.com/public_html/wp-content/plugins/woocommerce/includes/wc-core-functions.php(345): include('/home/u24660466...')
#5 /home/u246604664/domains/balakleenkom.com/public_html/wp-content/themes/boom-boost/woocommerce/taxonomy-product-cat.php(22): wc_get_templ в /home/u246604664/domains/balakleenkom.com/public_html/wp-content/themes/boom-boost/template-parts/description.php на строке 9

2021-12-14T23:35:03+00:00 CRITICAL Uncaught ArgumentCountError: Too few arguments to function get_cat_name(), 0 passed in /home/u246604664/domains/balakleenkom.com/public_html/wp-content/themes/boom-boost/header.php on line 155 and exactly 1 expected in /home/u246604664/domains/balakleenkom.com/public_html/wp-includes/category.php:223
Stack trace:
#0 /home/u246604664/domains/balakleenkom.com/public_html/wp-content/themes/boom-boost/header.php(155): get_cat_name()
#1 /home/u246604664/domains/balakleenkom.com/public_html/wp-includes/template.php(770): require_once('/home/u24660466...')
#2 /home/u246604664/domains/balakleenkom.com/public_html/wp-includes/template.php(716): load_template('/home/u24660466...', true, Array)
#3 /home/u246604664/domains/balakleenkom.com/public_html/wp-includes/general-template.php(48): locate_template(Array, true, true, Array)
#4 /home/u246604664/domains/balakleenkom.com/public_html/wp-content/themes/boom-boost/woocommerce/archive-product.php(20): get_header('shop')
#5 /home/u246604664/domains/balakleenkom.com/public_ в /home/u246604664/domains/balakleenkom.com/public_html/wp-includes/category.php на строке 223

2021-12-14T23:36:50+00:00 CRITICAL Cannot redeclare get_cat_name() (previously declared in /home/u246604664/domains/balakleenkom.com/public_html/wp-includes/category.php:223) в /home/u246604664/domains/balakleenkom.com/public_html/wp-content/themes/boom-boost/header.php на строке 155

2021-12-14T23:56:31+00:00 CRITICAL syntax error, unexpected 'echo' (T_ECHO) в /home/u246604664/domains/balakleenkom.com/public_html/wp-content/themes/boom-boost/header.php на строке 155

