2022-01-10T00:33:16+00:00 CRITICAL Uncaught Error: Function name must be a string in /home/u246604664/domains/balakleenkom.com/public_html/wp-content/themes/boom-boost/template-parts/newsGuids.php:7
Stack trace:
#0 /home/u246604664/domains/balakleenkom.com/public_html/wp-includes/template.php(772): require()
#1 /home/u246604664/domains/balakleenkom.com/public_html/wp-includes/template.php(716): load_template('/home/u24660466...', false, Array)
#2 /home/u246604664/domains/balakleenkom.com/public_html/wp-includes/general-template.php(204): locate_template(Array, true, false, Array)
#3 /home/u246604664/domains/balakleenkom.com/public_html/wp-content/themes/boom-boost/front-page.php(10): get_template_part('template-parts/...')
#4 /home/u246604664/domains/balakleenkom.com/public_html/wp-includes/template-loader.php(106): include('/home/u24660466...')
#5 /home/u246604664/domains/balakleenkom.com/public_html/wp-blog-header.php(19): require_once('/home/u24660466...')
#6 /home/u246604664/domains/balakleenkom.com/public_html/index.php(17): require('/hom в /home/u246604664/domains/balakleenkom.com/public_html/wp-content/themes/boom-boost/template-parts/newsGuids.php на строке 7

2022-01-10T16:59:38+00:00 CRITICAL Uncaught Error: Call to undefined function twentynineteen_the_posts_navigation() in /Applications/MAMP/htdocs/boom-local/wp-content/themes/boom-boost/archive.php:43
Stack trace:
#0 /Applications/MAMP/htdocs/boom-local/wp-includes/template-loader.php(106): include()
#1 /Applications/MAMP/htdocs/boom-local/wp-blog-header.php(19): require_once('/Applications/M...')
#2 /Applications/MAMP/htdocs/boom-local/index.php(17): require('/Applications/M...')
#3 {main}
  thrown в /Applications/MAMP/htdocs/boom-local/wp-content/themes/boom-boost/archive.php на строке 43

2022-01-10T16:59:40+00:00 CRITICAL Uncaught Error: Call to undefined function twentynineteen_the_posts_navigation() in /Applications/MAMP/htdocs/boom-local/wp-content/themes/boom-boost/archive.php:43
Stack trace:
#0 /Applications/MAMP/htdocs/boom-local/wp-includes/template-loader.php(106): include()
#1 /Applications/MAMP/htdocs/boom-local/wp-blog-header.php(19): require_once('/Applications/M...')
#2 /Applications/MAMP/htdocs/boom-local/index.php(17): require('/Applications/M...')
#3 {main}
  thrown в /Applications/MAMP/htdocs/boom-local/wp-content/themes/boom-boost/archive.php на строке 43

2022-01-10T17:13:36+00:00 CRITICAL Uncaught Error: Call to undefined function twentynineteen_the_posts_navigation() in /Applications/MAMP/htdocs/boom-local/wp-content/themes/boom-boost/archive.php:43
Stack trace:
#0 /Applications/MAMP/htdocs/boom-local/wp-includes/template-loader.php(106): include()
#1 /Applications/MAMP/htdocs/boom-local/wp-blog-header.php(19): require_once('/Applications/M...')
#2 /Applications/MAMP/htdocs/boom-local/index.php(17): require('/Applications/M...')
#3 {main}
  thrown в /Applications/MAMP/htdocs/boom-local/wp-content/themes/boom-boost/archive.php на строке 43

2022-01-10T19:04:51+00:00 CRITICAL Uncaught Error: Call to undefined function twentynineteen_the_posts_navigation() in /Applications/MAMP/htdocs/boom-local/wp-content/themes/boom-boost/archive.php:31
Stack trace:
#0 /Applications/MAMP/htdocs/boom-local/wp-includes/template-loader.php(106): include()
#1 /Applications/MAMP/htdocs/boom-local/wp-blog-header.php(19): require_once('/Applications/M...')
#2 /Applications/MAMP/htdocs/boom-local/index.php(17): require('/Applications/M...')
#3 {main}
  thrown в /Applications/MAMP/htdocs/boom-local/wp-content/themes/boom-boost/archive.php на строке 31

2022-01-10T19:23:29+00:00 CRITICAL Uncaught Error: Call to undefined function twentynineteen_can_show_post_thumbnail() in /Applications/MAMP/htdocs/boom-local/wp-content/themes/boom-boost/template-parts/content/content-single.php:15
Stack trace:
#0 /Applications/MAMP/htdocs/boom-local/wp-includes/template.php(772): require()
#1 /Applications/MAMP/htdocs/boom-local/wp-includes/template.php(716): load_template('/Applications/M...', false, Array)
#2 /Applications/MAMP/htdocs/boom-local/wp-includes/general-template.php(204): locate_template(Array, true, false, Array)
#3 /Applications/MAMP/htdocs/boom-local/wp-content/themes/boom-boost/single.php(12): get_template_part('template-parts/...', 'single')
#4 /Applications/MAMP/htdocs/boom-local/wp-includes/template-loader.php(106): include('/Applications/M...')
#5 /Applications/MAMP/htdocs/boom-local/wp-blog-header.php(19): require_once('/Applications/M...')
#6 /Applications/MAMP/htdocs/boom-local/index.php(17): require('/Applications/M...')
#7 {main}
  thrown в /Applications/MAMP/htdocs/boom-local/wp-content/themes/boom-boost/template-parts/content/content-single.php на строке 15

2022-01-10T19:24:34+00:00 CRITICAL Uncaught Error: Call to undefined function twentynineteen_can_show_post_thumbnail() in /Applications/MAMP/htdocs/boom-local/wp-content/themes/boom-boost/template-parts/content/content-single.php:15
Stack trace:
#0 /Applications/MAMP/htdocs/boom-local/wp-includes/template.php(772): require()
#1 /Applications/MAMP/htdocs/boom-local/wp-includes/template.php(716): load_template('/Applications/M...', false, Array)
#2 /Applications/MAMP/htdocs/boom-local/wp-includes/general-template.php(204): locate_template(Array, true, false, Array)
#3 /Applications/MAMP/htdocs/boom-local/wp-content/themes/boom-boost/single.php(12): get_template_part('template-parts/...', 'single')
#4 /Applications/MAMP/htdocs/boom-local/wp-includes/template-loader.php(106): include('/Applications/M...')
#5 /Applications/MAMP/htdocs/boom-local/wp-blog-header.php(19): require_once('/Applications/M...')
#6 /Applications/MAMP/htdocs/boom-local/index.php(17): require('/Applications/M...')
#7 {main}
  thrown в /Applications/MAMP/htdocs/boom-local/wp-content/themes/boom-boost/template-parts/content/content-single.php на строке 15

2022-01-10T19:28:18+00:00 CRITICAL Uncaught Error: Call to undefined function twentynineteen_get_discussion_data() in /Applications/MAMP/htdocs/boom-local/wp-content/themes/boom-boost/comments.php:24
Stack trace:
#0 /Applications/MAMP/htdocs/boom-local/wp-includes/comment-template.php(1554): require()
#1 /Applications/MAMP/htdocs/boom-local/wp-content/themes/boom-boost/single.php(16): comments_template()
#2 /Applications/MAMP/htdocs/boom-local/wp-includes/template-loader.php(106): include('/Applications/M...')
#3 /Applications/MAMP/htdocs/boom-local/wp-blog-header.php(19): require_once('/Applications/M...')
#4 /Applications/MAMP/htdocs/boom-local/index.php(17): require('/Applications/M...')
#5 {main}
  thrown в /Applications/MAMP/htdocs/boom-local/wp-content/themes/boom-boost/comments.php на строке 24

2022-01-10T19:29:18+00:00 CRITICAL Uncaught Error: Call to undefined function twentynineteen_get_discussion_data() in /Applications/MAMP/htdocs/boom-local/wp-content/themes/boom-boost/comments.php:24
Stack trace:
#0 /Applications/MAMP/htdocs/boom-local/wp-includes/comment-template.php(1554): require()
#1 /Applications/MAMP/htdocs/boom-local/wp-content/themes/boom-boost/single.php(16): comments_template()
#2 /Applications/MAMP/htdocs/boom-local/wp-includes/template-loader.php(106): include('/Applications/M...')
#3 /Applications/MAMP/htdocs/boom-local/wp-blog-header.php(19): require_once('/Applications/M...')
#4 /Applications/MAMP/htdocs/boom-local/index.php(17): require('/Applications/M...')
#5 {main}
  thrown в /Applications/MAMP/htdocs/boom-local/wp-content/themes/boom-boost/comments.php на строке 24

2022-01-10T19:30:37+00:00 CRITICAL Uncaught Error: Call to undefined function twentynineteen_get_discussion_data() in /Applications/MAMP/htdocs/boom-local/wp-content/themes/boom-boost/template-parts/post/discussion-meta.php:11
Stack trace:
#0 /Applications/MAMP/htdocs/boom-local/wp-includes/template.php(772): require()
#1 /Applications/MAMP/htdocs/boom-local/wp-includes/template.php(716): load_template('/Applications/M...', false, Array)
#2 /Applications/MAMP/htdocs/boom-local/wp-includes/general-template.php(204): locate_template(Array, true, false, Array)
#3 /Applications/MAMP/htdocs/boom-local/wp-content/themes/boom-boost/comments.php(61): get_template_part('template-parts/...', 'meta')
#4 /Applications/MAMP/htdocs/boom-local/wp-includes/comment-template.php(1554): require('/Applications/M...')
#5 /Applications/MAMP/htdocs/boom-local/wp-content/themes/boom-boost/single.php(16): comments_template()
#6 /Applications/MAMP/htdocs/boom-local/wp-includes/template-loader.php(106): include('/Applications/M...')
#7 /Applications/MAMP/htdocs/boom-loc в /Applications/MAMP/htdocs/boom-local/wp-content/themes/boom-boost/template-parts/post/discussion-meta.php на строке 11

2022-01-10T19:31:16+00:00 CRITICAL Uncaught Error: Call to undefined function twentynineteen_comment_form() in /Applications/MAMP/htdocs/boom-local/wp-content/themes/boom-boost/comments.php:70
Stack trace:
#0 /Applications/MAMP/htdocs/boom-local/wp-includes/comment-template.php(1554): require()
#1 /Applications/MAMP/htdocs/boom-local/wp-content/themes/boom-boost/single.php(16): comments_template()
#2 /Applications/MAMP/htdocs/boom-local/wp-includes/template-loader.php(106): include('/Applications/M...')
#3 /Applications/MAMP/htdocs/boom-local/wp-blog-header.php(19): require_once('/Applications/M...')
#4 /Applications/MAMP/htdocs/boom-local/index.php(17): require('/Applications/M...')
#5 {main}
  thrown в /Applications/MAMP/htdocs/boom-local/wp-content/themes/boom-boost/comments.php на строке 70

2022-01-10T19:32:01+00:00 CRITICAL Uncaught Error: Call to undefined function twentynineteen_get_discussion_data() in /Applications/MAMP/htdocs/boom-local/wp-content/themes/boom-boost/comments.php:24
Stack trace:
#0 /Applications/MAMP/htdocs/boom-local/wp-includes/comment-template.php(1554): require()
#1 /Applications/MAMP/htdocs/boom-local/wp-content/themes/boom-boost/single.php(16): comments_template()
#2 /Applications/MAMP/htdocs/boom-local/wp-includes/template-loader.php(106): include('/Applications/M...')
#3 /Applications/MAMP/htdocs/boom-local/wp-blog-header.php(19): require_once('/Applications/M...')
#4 /Applications/MAMP/htdocs/boom-local/index.php(17): require('/Applications/M...')
#5 {main}
  thrown в /Applications/MAMP/htdocs/boom-local/wp-content/themes/boom-boost/comments.php на строке 24

2022-01-10T19:32:16+00:00 CRITICAL Uncaught Error: Call to undefined function twentynineteen_get_discussion_data() in /Applications/MAMP/htdocs/boom-local/wp-content/themes/boom-boost/comments.php:24
Stack trace:
#0 /Applications/MAMP/htdocs/boom-local/wp-includes/comment-template.php(1554): require()
#1 /Applications/MAMP/htdocs/boom-local/wp-content/themes/boom-boost/single.php(16): comments_template()
#2 /Applications/MAMP/htdocs/boom-local/wp-includes/template-loader.php(106): include('/Applications/M...')
#3 /Applications/MAMP/htdocs/boom-local/wp-blog-header.php(19): require_once('/Applications/M...')
#4 /Applications/MAMP/htdocs/boom-local/index.php(17): require('/Applications/M...')
#5 {main}
  thrown в /Applications/MAMP/htdocs/boom-local/wp-content/themes/boom-boost/comments.php на строке 24

2022-01-10T19:56:29+00:00 CRITICAL Uncaught Error: Call to undefined function twentynineteen_the_posts_navigation() in /Applications/MAMP/htdocs/boom-local/wp-content/themes/boom-boost/archive.php:31
Stack trace:
#0 /Applications/MAMP/htdocs/boom-local/wp-includes/template-loader.php(106): include()
#1 /Applications/MAMP/htdocs/boom-local/wp-blog-header.php(19): require_once('/Applications/M...')
#2 /Applications/MAMP/htdocs/boom-local/index.php(17): require('/Applications/M...')
#3 {main}
  thrown в /Applications/MAMP/htdocs/boom-local/wp-content/themes/boom-boost/archive.php на строке 31

2022-01-10T19:58:09+00:00 CRITICAL Uncaught Error: Call to undefined function twentynineteen_post_thumbnail() in /Applications/MAMP/htdocs/boom-local/wp-content/themes/boom-boost/template-parts/content/content-excerpt.php:24
Stack trace:
#0 /Applications/MAMP/htdocs/boom-local/wp-includes/template.php(772): require()
#1 /Applications/MAMP/htdocs/boom-local/wp-includes/template.php(716): load_template('/Applications/M...', false, Array)
#2 /Applications/MAMP/htdocs/boom-local/wp-includes/general-template.php(204): locate_template(Array, true, false, Array)
#3 /Applications/MAMP/htdocs/boom-local/wp-content/themes/boom-boost/archive.php(25): get_template_part('template-parts/...', 'excerpt')
#4 /Applications/MAMP/htdocs/boom-local/wp-includes/template-loader.php(106): include('/Applications/M...')
#5 /Applications/MAMP/htdocs/boom-local/wp-blog-header.php(19): require_once('/Applications/M...')
#6 /Applications/MAMP/htdocs/boom-local/index.php(17): require('/Applications/M...')
#7 {main}
  thrown в /Applications/MAMP/htdocs/boom-local/wp-content/themes/boom-boost/template-parts/content/content-excerpt.php на строке 24

2022-01-10T19:58:50+00:00 CRITICAL Uncaught Error: Call to undefined function twentynineteen_post_thumbnail() in /Applications/MAMP/htdocs/boom-local/wp-content/themes/boom-boost/template-parts/content/content-excerpt.php:24
Stack trace:
#0 /Applications/MAMP/htdocs/boom-local/wp-includes/template.php(772): require()
#1 /Applications/MAMP/htdocs/boom-local/wp-includes/template.php(716): load_template('/Applications/M...', false, Array)
#2 /Applications/MAMP/htdocs/boom-local/wp-includes/general-template.php(204): locate_template(Array, true, false, Array)
#3 /Applications/MAMP/htdocs/boom-local/wp-content/themes/boom-boost/archive.php(25): get_template_part('template-parts/...', 'excerpt')
#4 /Applications/MAMP/htdocs/boom-local/wp-includes/template-loader.php(106): include('/Applications/M...')
#5 /Applications/MAMP/htdocs/boom-local/wp-blog-header.php(19): require_once('/Applications/M...')
#6 /Applications/MAMP/htdocs/boom-local/index.php(17): require('/Applications/M...')
#7 {main}
  thrown в /Applications/MAMP/htdocs/boom-local/wp-content/themes/boom-boost/template-parts/content/content-excerpt.php на строке 24

2022-01-10T20:37:01+00:00 CRITICAL syntax error, unexpected 'id' (T_STRING), expecting ']' в /Applications/MAMP/htdocs/boom-local/wp-content/themes/boom-boost/template-parts/form-subscribe.php на строке 16

